[    0.000000] Linux version 4.15.0-212-generic (buildd@lcy02-amd64-083) (gcc version 7.5.0 (Ubuntu 7.5.0-3ubuntu1~18.04)) #223-Ubuntu SMP Tue May 23 13:09:22 UTC 2023 (Ubuntu 4.15.0-212.223-generic 4.15.18)
[    0.000000] Command line: BOOT_IMAGE=/boot/vmlinuz-4.15.0-212-generic root=LABEL=cloudimg-rootfs ro console=tty1 console=ttyS0
[    0.000000] KERNEL supported cpus:
[    0.000000]   Intel GenuineIntel
[    0.000000]   AMD AuthenticAMD
[    0.000000]   Centaur CentaurHauls
[    0.000000] x86/fpu: x87 FPU will use FXSAVE
[    0.000000] e820: BIOS-provided physical RAM map:
[    0.000000] BIOS-e820: [mem 0x0000000000000000-0x000000000009fbff] usable
[    0.000000] BIOS-e820: [mem 0x000000000009fc00-0x000000000009ffff] reserved
[    0.000000] BIOS-e820: [mem 0x00000000000f0000-0x00000000000fffff] reserved
[    0.000000] BIOS-e820: [mem 0x0000000000100000-0x000000003ffeffff] usable
[    0.000000] BIOS-e820: [mem 0x000000003fff0000-0x000000003fffffff] ACPI data
[    0.000000] BIOS-e820: [mem 0x00000000fec00000-0x00000000fec00fff] reserved
[    0.000000] BIOS-e820: [mem 0x00000000fee00000-0x00000000fee00fff] reserved
[    0.000000] BIOS-e820: [mem 0x00000000fffc0000-0x00000000ffffffff] reserved
[    0.000000] NX (Execute Disable) protection: active
[    0.000000] SMBIOS 2.5 present.
[    0.000000] DMI: innotek GmbH VirtualBox/VirtualBox, BIOS VirtualBox 12/01/2006
[    0.000000] Hypervisor detected: KVM
[    0.000000] e820: last_pfn = 0x3fff0 max_arch_pfn = 0x400000000
[    0.000000] MTRR: Disabled
[    0.000000] x86/PAT: MTRRs disabled, skipping PAT initialization too.
[    0.000000] CPU MTRRs all blank - virtualized system.
[    0.000000] x86/PAT: Configuration [0-7]: WB  WT  UC- UC  WB  WT  UC- UC  
[    0.000000] found SMP MP-table at [mem 0x0009fff0-0x0009ffff]
[    0.000000] Scanning 1 areas for low memory corruption
[    0.000000] RAMDISK: [mem 0x359cb000-0x36cdcfff]
[    0.000000] ACPI: Early table checksum verification disabled
[    0.000000] ACPI: RSDP 0x00000000000E0000 000024 (v02 VBOX  )
[    0.000000] ACPI: XSDT 0x000000003FFF0030 00003C (v01 VBOX   VBOXXSDT 00000001 ASL  00000061)
[    0.000000] ACPI: FACP 0x000000003FFF00F0 0000F4 (v04 VBOX   VBOXFACP 00000001 ASL  00000061)
[    0.000000] ACPI: DSDT 0x000000003FFF0610 002353 (v02 VBOX   VBOXBIOS 00000002 INTL 20100528)
[    0.000000] ACPI: FACS 0x000000003FFF0200 000040
[    0.000000] ACPI: FACS 0x000000003FFF0200 000040
[    0.000000] ACPI: APIC 0x000000003FFF0240 00005C (v02 VBOX   VBOXAPIC 00000001 ASL  00000061)
[    0.000000] ACPI: SSDT 0x000000003FFF02A0 00036C (v01 VBOX   VBOXCPUT 00000002 INTL 20100528)
[    0.000000] ACPI: Reserving FACP table memory at [mem 0x3fff00f0-0x3fff01e3]
[    0.000000] ACPI: Reserving DSDT table memory at [mem 0x3fff0610-0x3fff2962]
[    0.000000] ACPI: Reserving FACS table memory at [mem 0x3fff0200-0x3fff023f]
[    0.000000] ACPI: Reserving FACS table memory at [mem 0x3fff0200-0x3fff023f]
[    0.000000] ACPI: Reserving APIC table memory at [mem 0x3fff0240-0x3fff029b]
[    0.000000] ACPI: Reserving SSDT table memory at [mem 0x3fff02a0-0x3fff060b]
[    0.000000] No NUMA configuration found
[    0.000000] Faking a node at [mem 0x0000000000000000-0x000000003ffeffff]
[    0.000000] NODE_DATA(0) allocated [mem 0x3ffc5000-0x3ffeffff]
[    0.000000] kvm-clock: cpu 0, msr 0:3ff44001, primary cpu clock
[    0.000000] kvm-clock: Using msrs 4b564d01 and 4b564d00
[    0.000000] kvm-clock: using sched offset of 4308036367 cycles
[    0.000000] clocksource: kvm-clock: mask: 0xffffffffffffffff max_cycles: 0x1cd42e4dffb, max_idle_ns: 881590591483 ns
[    0.000000] Zone ranges:
[    0.000000]   DMA      [mem 0x0000000000001000-0x0000000000ffffff]
[    0.000000]   DMA32    [mem 0x0000000001000000-0x000000003ffeffff]
[    0.000000]   Normal   empty
[    0.000000]   Device   empty
[    0.000000] Movable zone start for each node
[    0.000000] Early memory node ranges
[    0.000000]   node   0: [mem 0x0000000000001000-0x000000000009efff]
[    0.000000]   node   0: [mem 0x0000000000100000-0x000000003ffeffff]
[    0.000000] Reserved but unavailable: 104 pages
[    0.000000] Initmem setup node 0 [mem 0x0000000000001000-0x000000003ffeffff]
[    0.000000] ACPI: PM-Timer IO Port: 0x4008
[    0.000000] IOAPIC[0]: apic_id 2, version 32, address 0xfec00000, GSI 0-23
[    0.000000] ACPI: INT_SRC_OVR (bus 0 bus_irq 0 global_irq 2 dfl dfl)
[    0.000000] ACPI: INT_SRC_OVR (bus 0 bus_irq 9 global_irq 9 low level)
[    0.000000] Using ACPI (MADT) for SMP configuration information
[    0.000000] smpboot: Allowing 2 CPUs, 0 hotplug CPUs
[    0.000000] PM: Registered nosave memory: [mem 0x00000000-0x00000fff]
[    0.000000] PM: Registered nosave memory: [mem 0x0009f000-0x0009ffff]
[    0.000000] PM: Registered nosave memory: [mem 0x000a0000-0x000effff]
[    0.000000] PM: Registered nosave memory: [mem 0x000f0000-0x000fffff]
[    0.000000] e820: [mem 0x40000000-0xfebfffff] available for PCI devices
[    0.000000] Booting paravirtualized kernel on KVM
[    0.000000] clocksource: refined-jiffies: mask: 0xffffffff max_cycles: 0xffffffff, max_idle_ns: 7645519600211568 ns
[    0.000000] setup_percpu: NR_CPUS:8192 nr_cpumask_bits:2 nr_cpu_ids:2 nr_node_ids:1
[    0.000000] percpu: Embedded 50 pages/cpu s167936 r8192 d28672 u1048576
[    0.000000] PV qspinlock hash table entries: 256 (order: 0, 4096 bytes)
[    0.000000] Built 1 zonelists, mobility grouping on.  Total pages: 257913
[    0.000000] Policy zone: DMA32
[    0.000000] Kernel command line: BOOT_IMAGE=/boot/vmlinuz-4.15.0-212-generic root=LABEL=cloudimg-rootfs ro console=tty1 console=ttyS0
[    0.000000] Memory: 982644K/1048120K available (12300K kernel code, 2477K rwdata, 4324K rodata, 2480K init, 2720K bss, 65476K reserved, 0K cma-reserved)
[    0.000000] SLUB: HWalign=64, Order=0-3, MinObjects=0, CPUs=2, Nodes=1
[    0.000000] ftrace: allocating 39508 entries in 155 pages
[    0.004000] Hierarchical RCU implementation.
[    0.004000] 	RCU restricting CPUs from NR_CPUS=8192 to nr_cpu_ids=2.
[    0.004000] 	Tasks RCU enabled.
[    0.004000] RCU: Adjusting geometry for rcu_fanout_leaf=16, nr_cpu_ids=2
[    0.004000] NR_IRQS: 524544, nr_irqs: 440, preallocated irqs: 16
[    0.004000] random: crng init done
[    0.004000] Console: colour VGA+ 80x25
[    0.004000] console [tty1] enabled
[    0.004000] console [ttyS0] enabled
[    0.004000] ACPI: Core revision 20170831
[    0.004000] ACPI: 2 ACPI AML tables successfully acquired and loaded
[    0.004000] APIC: Switch to symmetric I/O mode setup
[    0.008000] ..TIMER: vector=0x30 apic1=0 pin1=2 apic2=-1 pin2=-1
[    0.008006] tsc: Detected 2495.998 MHz processor
[    0.012021] Calibrating delay loop (skipped) preset value.. 4991.99 BogoMIPS (lpj=9983992)
[    0.016009] pid_max: default: 32768 minimum: 301
[    0.020076] Security Framework initialized
[    0.024004] Yama: becoming mindful.
[    0.027075] AppArmor: AppArmor initialized
[    0.034020] Dentry cache hash table entries: 131072 (order: 8, 1048576 bytes)
[    0.040104] Inode-cache hash table entries: 65536 (order: 7, 524288 bytes)
[    0.044142] Mount-cache hash table entries: 2048 (order: 2, 16384 bytes)
[    0.048099] Mountpoint-cache hash table entries: 2048 (order: 2, 16384 bytes)
[    0.057812] Last level iTLB entries: 4KB 0, 2MB 0, 4MB 0
[    0.060008] Last level dTLB entries: 4KB 0, 2MB 0, 4MB 0, 1GB 0
[    0.064011] Spectre V1 : Mitigation: usercopy/swapgs barriers and __user pointer sanitization
[    0.068012] Spectre V2 : Mitigation: Enhanced IBRS
[    0.072010] Spectre V2 : Spectre v2 / SpectreRSB mitigation: Filling RSB on context switch
[    0.076008] Spectre V2 : Spectre v2 / PBRSB-eIBRS: Retire a single CALL on VMEXIT
[    0.080005] RETBleed: Mitigation: Enhanced IBRS
[    0.084003] Speculative Store Bypass: Vulnerable
[    0.088214] Freeing SMP alternatives memory: 36K
[    0.206568] APIC calibration not consistent with PM-Timer: 102ms instead of 100ms
[    0.208000] APIC delta adjusted to PM-Timer: 6285274 (6428063)
[    0.208375] smpboot: CPU0: 11th Gen Intel(R) Core(TM) i5-1155G7 @ 2.50GHz (family: 0x6, model: 0x8c, stepping: 0x2)
[    0.216170] Performance Events: unsupported p6 CPU model 140 no PMU driver, software events only.
[    0.220091] Hierarchical SRCU implementation.
[    0.228121] NMI watchdog: Perf event create on CPU 0 failed with -2
[    0.232007] NMI watchdog: Perf NMI watchdog permanently disabled
[    0.236309] smp: Bringing up secondary CPUs ...
[    0.240895] x86: Booting SMP configuration:
[    0.244004] .... node  #0, CPUs:      #1
[    0.004000] kvm-clock: cpu 1, msr 0:3ff44041, secondary cpu clock
[    0.259208] TSC synchronization [CPU#0 -> CPU#1]:
[    0.260000] Measured 94209 cycles TSC warp between CPUs, turning off TSC clock.
[    0.260000] tsc: Marking TSC unstable due to check_tsc_sync_source failed
[    0.260483] smp: Brought up 1 node, 2 CPUs
[    0.264007] smpboot: Max logical packages: 1
[    0.268005] smpboot: Total of 2 processors activated (9983.99 BogoMIPS)
[    0.276051] devtmpfs: initialized
[    0.278504] x86/mm: Memory block size: 128MB
[    0.280328] evm: security.selinux
[    0.284003] evm: security.SMACK64
[    0.288003] evm: security.SMACK64EXEC
[    0.292005] evm: security.SMACK64TRANSMUTE
[    0.296005] evm: security.SMACK64MMAP
[    0.298757] evm: security.apparmor
[    0.300004] evm: security.ima
[    0.304002] evm: security.capability
[    0.308398] clocksource: jiffies: mask: 0xffffffff max_cycles: 0xffffffff, max_idle_ns: 7645041785100000 ns
[    0.316122] futex hash table entries: 512 (order: 3, 32768 bytes)
[    0.320175] pinctrl core: initialized pinctrl subsystem
[    0.324521] RTC time: 18:44:22, date: 08/10/24
[    0.329040] NET: Registered protocol family 16
[    0.332491] audit: initializing netlink subsys (disabled)
[    0.336278] audit: type=2000 audit(1723315467.589:1): state=initialized audit_enabled=0 res=1
[    0.344012] cpuidle: using governor ladder
[    0.348024] cpuidle: using governor menu
[    0.352117] ACPI: bus type PCI registered
[    0.354756] acpiphp: ACPI Hot Plug PCI Controller Driver version: 0.5
[    0.356453] PCI: Using configuration type 1 for base access
[    0.364318] HugeTLB registered 2.00 MiB page size, pre-allocated 0 pages
[    0.372475] ACPI: Added _OSI(Module Device)
[    0.376018] ACPI: Added _OSI(Processor Device)
[    0.380009] ACPI: Added _OSI(3.0 _SCP Extensions)
[    0.384003] ACPI: Added _OSI(Processor Aggregator Device)
[    0.388005] ACPI: Added _OSI(Linux-Dell-Video)
[    0.392003] ACPI: Added _OSI(Linux-Lenovo-NV-HDMI-Audio)
[    0.396010] ACPI: Added _OSI(Linux-HPI-Hybrid-Graphics)
[    0.400995] ACPI: Executed 1 blocks of module-level executable AML code
[    0.412212] ACPI: Interpreter enabled
[    0.415624] ACPI: (supports S0 S5)
[    0.416006] ACPI: Using IOAPIC for interrupt routing
[    0.420330] PCI: Using host bridge windows from ACPI; if necessary, use "pci=nocrs" and report a bug
[    0.428315] ACPI: Enabled 2 GPEs in block 00 to 07
[    0.445737] ACPI: PCI Root Bridge [PCI0] (domain 0000 [bus 00-ff])
[    0.448011] acpi PNP0A03:00: _OSC: OS supports [ASPM ClockPM Segments MSI]
[    0.452646] acpi PNP0A03:00: _OSC: not requesting OS control; OS requires [ExtendedConfig ASPM ClockPM MSI]
[    0.456024] acpi PNP0A03:00: fail to add MMCONFIG information, can't access extended PCI configuration space under this bridge.
[    0.460877] PCI host bridge to bus 0000:00
[    0.464008] pci_bus 0000:00: root bus resource [io  0x0000-0x0cf7 window]
[    0.468005] pci_bus 0000:00: root bus resource [io  0x0d00-0xffff window]
[    0.472007] pci_bus 0000:00: root bus resource [mem 0x000a0000-0x000bffff window]
[    0.476010] pci_bus 0000:00: root bus resource [mem 0x40000000-0xfdffffff window]
[    0.480006] pci_bus 0000:00: root bus resource [bus 00-ff]
[    0.493942] pci 0000:00:01.1: legacy IDE quirk: reg 0x10: [io  0x01f0-0x01f7]
[    0.496004] pci 0000:00:01.1: legacy IDE quirk: reg 0x14: [io  0x03f6]
[    0.500005] pci 0000:00:01.1: legacy IDE quirk: reg 0x18: [io  0x0170-0x0177]
[    0.504007] pci 0000:00:01.1: legacy IDE quirk: reg 0x1c: [io  0x0376]
[    0.533642] pci 0000:00:07.0: quirk: [io  0x4000-0x403f] claimed by PIIX4 ACPI
[    0.536048] pci 0000:00:07.0: quirk: [io  0x4100-0x410f] claimed by PIIX4 SMB
[    0.552254] ACPI: PCI Interrupt Link [LNKA] (IRQs 5 9 10 *11)
[    0.556399] ACPI: PCI Interrupt Link [LNKB] (IRQs 5 9 *10 11)
[    0.560239] ACPI: PCI Interrupt Link [LNKC] (IRQs 5 *9 10 11)
[    0.564271] ACPI: PCI Interrupt Link [LNKD] (IRQs 5 9 10 *11)
[    0.568738] SCSI subsystem initialized
[    0.572263] pci 0000:00:02.0: vgaarb: setting as boot VGA device
[    0.576000] pci 0000:00:02.0: vgaarb: VGA device added: decodes=io+mem,owns=io+mem,locks=none
[    0.576009] pci 0000:00:02.0: vgaarb: bridge control possible
[    0.580004] vgaarb: loaded
[    0.584136] ACPI: bus type USB registered
[    0.588022] usbcore: registered new interface driver usbfs
[    0.592049] usbcore: registered new interface driver hub
[    0.596032] usbcore: registered new device driver usb
[    0.600354] EDAC MC: Ver: 3.0.0
[    0.605122] PCI: Using ACPI for IRQ routing
[    0.612340] NetLabel: Initializing
[    0.615647] NetLabel:  domain hash size = 128
[    0.616004] NetLabel:  protocols = UNLABELED CIPSOv4 CALIPSO
[    0.620033] NetLabel:  unlabeled traffic allowed by default
[    0.628423] clocksource: Switched to clocksource kvm-clock
[    0.658841] VFS: Disk quotas dquot_6.6.0
[    0.658841] VFS: Dquot-cache hash table entries: 512 (order 0, 4096 bytes)
[    0.658841] AppArmor: AppArmor Filesystem Enabled
[    0.658841] pnp: PnP ACPI init
[    0.658841] pnp: PnP ACPI: found 3 devices
[    0.742111] clocksource: acpi_pm: mask: 0xffffff max_cycles: 0xffffff, max_idle_ns: 2085701024 ns
[    0.744278] NET: Registered protocol family 2
[    0.744278] IP idents hash table entries: 16384 (order: 5, 131072 bytes)
[    0.761089] TCP established hash table entries: 8192 (order: 4, 65536 bytes)
[    0.769183] TCP bind hash table entries: 8192 (order: 5, 131072 bytes)
[    0.774247] TCP: Hash tables configured (established 8192 bind 8192)
[    0.777780] UDP hash table entries: 512 (order: 2, 16384 bytes)
[    0.777780] UDP-Lite hash table entries: 512 (order: 2, 16384 bytes)
[    0.777780] NET: Registered protocol family 1
[    0.777780] pci 0000:00:00.0: Limiting direct PCI/PCI transfers
[    0.777780] pci 0000:00:01.0: Activating ISA DMA hang workarounds
[    0.777780] pci 0000:00:02.0: Video device with shadowed ROM at [mem 0x000c0000-0x000dffff]
[    0.777780] Unpacking initramfs...
[    1.373359] Freeing initrd memory: 19528K
[    1.377350] clocksource: tsc: mask: 0xffffffffffffffff max_cycles: 0x23fa754787d, max_idle_ns: 440795210092 ns
[    1.386101] platform rtc_cmos: registered platform RTC device (no PNP device found)
[    1.392509] Scanning for low memory corruption every 60 seconds
[    1.399335] Initialise system trusted keyrings
[    1.403329] Key type blacklist registered
[    1.408299] workingset: timestamp_bits=36 max_order=18 bucket_order=0
[    1.415686] zbud: loaded
[    1.419418] squashfs: version 4.0 (2009/01/31) Phillip Lougher
[    1.426477] fuse init (API version 7.26)
[    1.456134] Key type asymmetric registered
[    1.459093] Asymmetric key parser 'x509' registered
[    1.463220] Block layer SCSI generic (bsg) driver version 0.4 loaded (major 246)
[    1.469967] io scheduler noop registered
[    1.472769] io scheduler deadline registered
[    1.477693] io scheduler cfq registered (default)
[    1.483291] ACPI: AC Adapter [AC] (on-line)
[    1.487341] input: Power Button as /devices/LNXSYSTM:00/LNXPWRBN:00/input/input0
[    1.493857] ACPI: Power Button [PWRF]
[    1.497498] input: Sleep Button as /devices/LNXSYSTM:00/LNXSLPBN:00/input/input1
[    1.503024] ACPI: Sleep Button [SLPF]
[    1.507976] ACPI: Battery Slot [BAT0] (battery present)
[    1.513497] Serial: 8250/16550 driver, 32 ports, IRQ sharing enabled
[    1.553019] 00:02: ttyS0 at I/O 0x3f8 (irq = 4, base_baud = 115200) is a 16550A
[    1.563076] Linux agpgart interface v0.103
[    1.577692] loop: module loaded
[    1.584481] scsi host0: ata_piix
[    1.590886] scsi host1: ata_piix
[    1.595528] ata1: PATA max UDMA/33 cmd 0x1f0 ctl 0x3f6 bmdma 0xd000 irq 14
[    1.605206] ata2: PATA max UDMA/33 cmd 0x170 ctl 0x376 bmdma 0xd008 irq 15
[    1.614257] tun: Universal TUN/TAP device driver, 1.6
[    1.621773] PPP generic driver version 2.4.2
[    1.631368] ehci_hcd: USB 2.0 'Enhanced' Host Controller (EHCI) Driver
[    1.639892] ehci-pci: EHCI PCI platform driver
[    1.644680] ehci-platform: EHCI generic platform driver
[    1.648218] ohci_hcd: USB 1.1 'Open' Host Controller (OHCI) Driver
[    1.655147] ohci-pci: OHCI PCI platform driver
[    1.659411] ohci-platform: OHCI generic platform driver
[    1.664633] uhci_hcd: USB Universal Host Controller Interface driver
[    1.673575] i8042: PNP: PS/2 Controller [PNP0303:PS2K,PNP0f03:PS2M] at 0x60,0x64 irq 1,12
[    1.689070] serio: i8042 KBD port at 0x60,0x64 irq 1
[    1.696280] serio: i8042 AUX port at 0x60,0x64 irq 12
[    1.704731] mousedev: PS/2 mouse device common for all mice
[    1.721801] rtc_cmos rtc_cmos: rtc core: registered rtc_cmos as rtc0
[    1.734018] rtc_cmos rtc_cmos: alarms up to one day, 114 bytes nvram
[    1.742558] i2c /dev entries driver
[    1.747168] input: AT Translated Set 2 keyboard as /devices/platform/i8042/serio0/input/input2
[    1.755015] device-mapper: uevent: version 1.0.3
[    1.763040] device-mapper: ioctl: 4.37.0-ioctl (2017-09-20) initialised: dm-devel@redhat.com
[    1.843907] ledtrig-cpu: registered to indicate activity on CPUs
[    1.857620] NET: Registered protocol family 10
[    1.873500] Segment Routing with IPv6
[    1.880394] NET: Registered protocol family 17
[    1.889359] Key type dns_resolver registered
[    1.898317] mce: Using 0 MCE banks
[    1.904346] RAS: Correctable Errors collector initialized.
[    1.911320] sched_clock: Marking stable (1911232553, 0)->(2731251568, -820019015)
[    1.922019] registered taskstats version 1
[    1.927702] Loading compiled-in X.509 certificates
[    1.942426] Loaded X.509 cert 'Build time autogenerated kernel key: b5b26778eaa3ab3a4a6cee031137706e947d12ad'
[    1.954302] Loaded X.509 cert 'Canonical Ltd. Live Patch Signing: 14df34d1a87cf37625abec039ef2bf521249b969'
[    1.965681] Loaded X.509 cert 'Canonical Ltd. Kernel Module Signing: 88f752e560a1e0737e31163a466ad7b70a850c19'
[    1.976465] blacklist: Loading compiled-in revocation X.509 certificates
[    1.983976] Loaded X.509 cert 'Canonical Ltd. Secure Boot Signing: 61482aa2830d0ab2ad5af10b7250da9033ddcef0'
[    1.991963] Loaded X.509 cert 'Canonical Ltd. Secure Boot Signing (2017): 242ade75ac4a15e50d50c84b0d45ff3eae707a03'
[    2.000853] Loaded X.509 cert 'Canonical Ltd. Secure Boot Signing (ESM 2018): 365188c1d374d6b07c3c8f240f8ef722433d6a8b'
[    2.009803] Loaded X.509 cert 'Canonical Ltd. Secure Boot Signing (2019): c0746fd6c5da3ae827864651ad66ae47fe24b3e8'
[    2.019381] Loaded X.509 cert 'Canonical Ltd. Secure Boot Signing (2021 v1): a8d54bbb3825cfb94fa13c9f8a594a195c107b8d'
[    2.030982] Loaded X.509 cert 'Canonical Ltd. Secure Boot Signing (2021 v2): 4cf046892d6fd3c9a5b03f98d845f90851dc6a8c'
[    2.040084] Loaded X.509 cert 'Canonical Ltd. Secure Boot Signing (2021 v3): 100437bb6de6e469b581e61cd66bce3ef4ed53af'
[    2.049716] Loaded X.509 cert 'Canonical Ltd. Secure Boot Signing (Ubuntu Core 2019): c1d57b8f6b743f23ee41f4f7ee292f06eecadfb9'
[    2.061460] zswap: loaded using pool lzo/zbud
[    2.080244] Key type big_key registered
[    2.083649] Key type trusted registered
[    2.093779] Key type encrypted registered
[    2.100053] AppArmor: AppArmor sha1 policy hashing enabled
[    2.106579] ima: No TPM chip found, activating TPM-bypass! (rc=-19)
[    2.111571] ima: Allocated hash algorithm: sha1
[    2.116213] evm: HMAC attrs: 0x1
[    2.120574]   Magic number: 4:358:746
[    2.124541] rtc_cmos rtc_cmos: setting system clock to 2024-08-10 18:44:24 UTC (1723315464)
[    2.132827] BIOS EDD facility v0.16 2004-Jun-25, 0 devices found
[    2.139160] EDD information not available.
[    2.147380] Freeing unused kernel image memory: 2480K
[    2.178227] Write protecting the kernel read-only data: 20480k
[    2.184554] Freeing unused kernel image memory: 2008K
[    2.193092] Freeing unused kernel image memory: 1820K
[    2.206582] x86/mm: Checked W+X mappings: passed, no W+X pages found.
Loading, please wait...
starting version 237
[    2.333705] e1000: Intel(R) PRO/1000 Network Driver - version 7.3.21-k8-NAPI
[    2.350613] e1000: Copyright (c) 1999-2006 Intel Corporation.
[    2.396540] Fusion MPT base driver 3.04.20
[    2.400959] Copyright (c) 1999-2008 LSI Corporation
[    2.440386] Fusion MPT SPI Host driver 3.04.20
[    2.457616] SSE version of gcm_enc/dec engaged.
[    2.661593] input: ImExPS/2 Generic Explorer Mouse as /devices/platform/i8042/serio1/input/input4
[    3.345427] e1000 0000:00:03.0 eth0: (PCI:33MHz:32-bit) 02:3b:7b:b7:3b:2d
[    3.353239] e1000 0000:00:03.0 eth0: Intel(R) PRO/1000 Network Connection
[    4.055214] e1000 0000:00:08.0 eth1: (PCI:33MHz:32-bit) 08:00:27:29:ca:0f
[    4.062042] e1000 0000:00:08.0 eth1: Intel(R) PRO/1000 Network Connection
[    4.073121] e1000 0000:00:08.0 enp0s8: renamed from eth1
[    4.078892] mptbase: ioc0: Initiating bringup
[    4.097081] e1000 0000:00:03.0 enp0s3: renamed from eth0
[    4.306474] ioc0: LSI53C1030 A0: Capabilities={Initiator}
[    4.877334] scsi host2: ioc0: LSI53C1030 A0, FwRev=00000000h, Ports=1, MaxQ=256, IRQ=20
[    5.869388] scsi 2:0:0:0: Direct-Access     VBOX     HARDDISK         1.0  PQ: 0 ANSI: 5
[    5.904600] scsi target2:0:0: Beginning Domain Validation
[    5.916473] scsi target2:0:0: Domain Validation skipping write tests
[    5.921009] scsi target2:0:0: Ending Domain Validation
[    5.926635] scsi target2:0:0: asynchronous
[    5.934039] scsi 2:0:1:0: Direct-Access     VBOX     HARDDISK         1.0  PQ: 0 ANSI: 5
[    5.973600] scsi target2:0:1: Beginning Domain Validation
[    5.985617] scsi target2:0:1: Domain Validation skipping write tests
[    5.991539] scsi target2:0:1: Ending Domain Validation
[    5.997424] scsi target2:0:1: asynchronous
[    6.010309] sd 2:0:0:0: Attached scsi generic sg0 type 0
[    6.011049] sd 2:0:0:0: [sda] 83886080 512-byte logical blocks: (42.9 GB/40.0 GiB)
[    6.020972] sd 2:0:1:0: Attached scsi generic sg1 type 0
[    6.021217] sd 2:0:0:0: [sda] Write Protect is off
[    6.029628] sd 2:0:1:0: [sdb] 20480 512-byte logical blocks: (10.5 MB/10.0 MiB)
[    6.029735] sd 2:0:0:0: [sda] Incomplete mode parameter data
[    6.039183] sd 2:0:0:0: [sda] Assuming drive cache: write through
[    6.039313] sd 2:0:1:0: [sdb] Write Protect is off
[    6.046865]  sda: sda1
[    6.050695] sd 2:0:1:0: [sdb] Incomplete mode parameter data
[    6.052278] sd 2:0:0:0: [sda] Attached SCSI disk
[    6.056108] sd 2:0:1:0: [sdb] Assuming drive cache: write through
[    6.071214] sd 2:0:1:0: [sdb] Attached SCSI disk
Begin: Loading essential drivers ... [    8.268381] raid6: sse2x1   gen() 10707 MB/s
[    8.320809] raid6: sse2x1   xor()  6648 MB/s
[    8.373411] raid6: sse2x2   gen() 12654 MB/s
[    8.428080] raid6: sse2x2   xor()  8048 MB/s
[    8.480912] raid6: sse2x4   gen()  9110 MB/s
[    8.532056] raid6: sse2x4   xor()  6069 MB/s
[    8.538896] raid6: using algorithm sse2x2 gen() 12654 MB/s
[    8.543788] raid6: .... xor() 8048 MB/s, rmw enabled
[    8.547400] raid6: using ssse3x2 recovery algorithm
[    8.553152] xor: measuring software checksum speed
[    8.596448]    prefetch64-sse: 19577.000 MB/sec
[    8.640324]    generic_sse: 21039.000 MB/sec
[    8.643933] xor: using function: generic_sse (21039.000 MB/sec)
[    8.650685] async_tx: api initialized (async)
done.
Begin: Running /scripts/init-premount ... done.
Begin: Mounting root file system ... Begin: Running /scripts/local-top ... done.
Begin: Running /scripts/local-premount ... [    8.716938] Btrfs loaded, crc32c=crc32c-intel
Scanning for Btrfs filesystems
done.
Warning: fsck not present, so skipping root file system
[    8.776993] EXT4-fs (sda1): mounted filesystem with ordered data mode. Opts: (null)
done.
Begin: Running /scripts/local-bottom ... done.
Begin: Running /scripts/init-bottom ... done.
[    9.037669] ip_tables: (C) 2000-2006 Netfilter Core Team
[    9.059611] systemd[1]: systemd 237 running in system mode. (+PAM +AUDIT +SELINUX +IMA +APPARMOR +SMACK +SYSVINIT +UTMP +LIBCRYPTSETUP +GCRYPT +GNUTLS +ACL +XZ +LZ4 +SECCOMP +BLKID +ELFUTILS +KMOD -IDN2 +IDN -PCRE2 default-hierarchy=hybrid)
[    9.080414] systemd[1]: Detected virtualization oracle.
[    9.084372] systemd[1]: Detected architecture x86-64.

Welcome to [1mUbuntu 18.04.6 LTS[0m!

[    9.127422] systemd[1]: Set hostname to <ubuntu>.
[    9.137975] systemd[1]: Initializing machine ID from random generator.
[    9.144712] systemd[1]: Installed transient /etc/machine-id file.
[    9.978944] systemd[1]: Started Forward Password Requests to Wall Directory Watch.
[[0;32m  OK  [0m] Started Forward Password Requests to Wall Directory Watch.
[    9.986149] systemd[1]: Reached target Mounting snaps.
[[0;32m  OK  [0m] Reached target Mounting snaps.
[   10.003150] systemd[1]: Created slice System Slice.
[[0;32m  OK  [0m] Created slice System Slice.
[   10.009025] systemd[1]: Set up automount Arbitrary Executable File Formats File System Automount Point.
[[0;32m  OK  [0m] Set up automount Arbitrary Executab…rmats File System Automount Point.
[[0;32m  OK  [0m] Listening on Journal Socket.
         Starting Load Kernel Modules...
         Mounting Huge Pages File System...
         Mounting POSIX Message Queue File System...
[[0;32m  OK  [0m] Listening on Journal Audit Socket.
[[0;32m  OK  [0m] Listening on udev Kernel Socket.
[[0;32m  OK  [0m] Listening on Device-mapper event daemon FIFOs.
[[0;32m  OK  [0m] Listening on LVM2 poll daemon socket.
[[0;32m  OK  [0m] Reached target System Time Synchronized.
         Starting Create list of required st…ce nodes for the current kernel...
[[0;32m  OK  [0m] Reached target User and Group Name Lookups.
[[0;32m  OK  [0m] Listening on Journal Socket (/dev/log).
         Starting Set the console keyboard layout...
         Starting Uncomplicated firewall...
[[0;32m  OK  [0m] Listening on fsck to fsckd communication Socket.
         Mounting Kernel Debug File System...
[[0;32m  OK  [0m] Reached target Swap.
[[0;32m  OK  [0m] Listening on Network Service Netlink Socket.
[[0;32m  OK  [0m] Listening on /dev/initctl Compatibility Named Pipe.
[   10.072827] Loading iSCSI transport class v2.0-870.
[   10.081674] iscsi: registered transport (tcp)
[   10.102542] iscsi: registered transport (iser)
[[0;32m  OK  [0m] Listening on udev Control Socket.
         Starting udev Coldplug all Devices...
[[0;32m  OK  [0m] Listening on Syslog Socket.
[[0;32m  OK  [0m] Reached target Mounted snaps.
         Starting File System Check on Root Device...
         Starting Journal Service...
[[0;32m  OK  [0m] Listening on LVM2 metadata daemon socket.
         Starting Monitoring of LVM2 mirrors…ng dmeventd or progress polling...
[[0;32m  OK  [0m] Created slice User and Session Slice.
[[0;32m  OK  [0m] Reached target Slices.
[[0;32m  OK  [0m] Created slice system-serial\x2dgetty.slice.
[[0;32m  OK  [0m] Started Load Kernel Modules.
[[0;32m  OK  [0m] Mounted Huge Pages File System.
[[0;32m  OK  [0m] Mounted POSIX Message Queue File System.
[[0;32m  OK  [0m] Started Create list of required sta…vice nodes for the current kernel.
[[0;32m  OK  [0m] Started Uncomplicated firewall.
[[0;32m  OK  [0m] Mounted Kernel Debug File System.
[[0;32m  OK  [0m] Started File System Check on Root Device.
[[0;32m  OK  [0m] Started File System Check Daemon to report status.
         Starting Remount Root and Kernel File Systems...
         Starting Create Static Device Nodes in /dev...
         Mounting FUSE Control File System...
         Starting Apply Kernel Variables...
         Mounting Kernel Configuration File System...
[[0;32m  OK  [0m] Started udev Coldplug all Devices.
[[0;32m  OK  [0m] Mounted FUSE Control File System.
[[0;32m  OK  [0m] Mounted Kernel Configuration File System.
[[0;32m  OK  [0m] Started LVM2 metadata daemon.
[[0;32m  OK  [0m] Started Journal Service.
[[0;32m  OK  [0m] Started Create Static Device Nodes in /dev.
[[0;32m  OK  [0m] Started Remount Root and Kernel File Systems.
[[0;32m  OK  [0m] Started Apply Kernel Variables.
         Starting Load/Save Random Seed...
         Starting Flush Journal to Persistent Storage...
         Starting udev Kernel Device Manager...
[[0;32m  OK  [0m] Started Monitoring of LVM2 mirrors,…sing dmeventd or progress polling.
[[0;32m  OK  [0m] Started Load/Save Random Seed.
[[0;32m  OK  [0m] Started udev Kernel Device Manager.
[[0;32m  OK  [0m] Started Flush Journal to Persistent Storage.
[[0;32m  OK  [0m] Found device /dev/ttyS0.
[[0;32m  OK  [0m] Listening on Load/Save RF Kill Switch Status /dev/rfkill Watch.
         Mounting Arbitrary Executable File Formats File System...
[[0;32m  OK  [0m] Started Set the console keyboard layout.
[[0;32m  OK  [0m] Mounted Arbitrary Executable File Formats File System.
[[0;32m  OK  [0m] Started Dispatch Password Requests to Console Directory Watch.
[[0;32m  OK  [0m] Reached target Local Encrypted Volumes.
[[0;32m  OK  [0m] Reached target Local File Systems (Pre).
[[0;32m  OK  [0m] Reached target Local File Systems.
         Starting Set console font and keymap...
         Starting Commit a transient machine-id on disk...
         Starting AppArmor initialization...
         Starting Tell Plymouth To Write Out Runtime Data...
         Starting Create Volatile Files and Directories...
         Starting ebtables ruleset management...
[[0;32m  OK  [0m] Started Tell Plymouth To Write Out Runtime Data.
[[0;32m  OK  [0m] Started Create Volatile Files and Directories.
         Starting Update UTMP about System Boot/Shutdown...
[[0;32m  OK  [0m] Started Commit a transient machine-id on disk.
[[0;32m  OK  [0m] Started Update UTMP about System Boot/Shutdown.
[[0;32m  OK  [0m] Started ebtables ruleset management.
[[0;32m  OK  [0m] Started AppArmor initialization.
         Starting Load AppArmor profiles managed internally by snapd...
         Starting Initial cloud-init job (pre-networking)...
[[0;32m  OK  [0m] Started Load AppArmor profiles managed internally by snapd.
[[0;32m  OK  [0m] Started Set console font and keymap.
[   15.147268] cloud-init[755]: Cloud-init v. 23.1.2-0ubuntu0~18.04.1 running 'init-local' at Sat, 10 Aug 2024 18:44:36 +0000. Up 14.59 seconds.
[[0;32m  OK  [0m] Started Initial cloud-init job (pre-networking).
[[0;32m  OK  [0m] Reached target Network (Pre).
         Starting Network Service...
[[0;32m  OK  [0m] Started Network Service.
         Starting Wait for Network to be Configured...
         Starting Network Name Resolution...
[[0;32m  OK  [0m] Started Network Name Resolution.
[[0;32m  OK  [0m] Reached target Network.
[[0;32m  OK  [0m] Reached target Host and Network Name Lookups.
[[0;32m  OK  [0m] Started Wait for Network to be Configured.
         Starting Initial cloud-init job (metadata service crawler)...
[   18.060987] cloud-init[896]: Cloud-init v. 23.1.2-0ubuntu0~18.04.1 running 'init' at Sat, 10 Aug 2024 18:44:40 +0000. Up 17.81 seconds.
[   18.075599] cloud-init[896]: ci-info: ++++++++++++++++++++++++++++++++++++++Net device info+++++++++++++++++++++++++++++++++++++++
[   18.083004] cloud-init[896]: ci-info: +--------+-------+----------------------------+---------------+--------+-------------------+
[   18.090502] cloud-init[896]: ci-info: | Device |   Up  |          Address           |      Mask     | Scope  |     Hw-Address    |
[   18.099547] cloud-init[896]: ci-info: +--------+-------+----------------------------+---------------+--------+-------------------+
[   18.106201] cloud-init[896]: ci-info: | enp0s3 |  True |         10.0.2.15          | 255.255.255.0 | global | 02:3b:7b:b7:3b:2d |
[   18.113141] cloud-init[896]: ci-info: | enp0s3 |  True | fe80::3b:7bff:feb7:3b2d/64 |       .       |  link  | 02:3b:7b:b7:3b:2d |
[   18.119370] cloud-init[896]: ci-info: | enp0s8 | False |             .              |       .       |   .    | 08:00:27:29:ca:0f |
[   18.131289] cloud-init[896]: ci-info: |   lo   |  True |         127.0.0.1          |   255.0.0.0   |  host  |         .         |
[   18.140230] cloud-init[896]: ci-info: |   lo   |  True |          ::1/128           |       .       |  host  |         .         |
[   18.153333] cloud-init[896]: ci-info: +--------+-------+----------------------------+---------------+--------+-------------------+
[   18.166008] cloud-init[896]: ci-info: ++++++++++++++++++++++++++++Route IPv4 info+++++++++++++++++++++++++++++
[   18.175327] cloud-init[896]: ci-info: +-------+-------------+----------+-----------------+-----------+-------+
[   18.182618] cloud-init[896]: ci-info: | Route | Destination | Gateway  |     Genmask     | Interface | Flags |
[   18.191666] cloud-init[896]: ci-info: +-------+-------------+----------+-----------------+-----------+-------+
[   18.201761] cloud-init[896]: ci-info: |   0   |   0.0.0.0   | 10.0.2.2 |     0.0.0.0     |   enp0s3  |   UG  |
[   18.211086] cloud-init[896]: ci-info: |   1   |   10.0.2.0  | 0.0.0.0  |  255.255.255.0  |   enp0s3  |   U   |
[   18.221541] cloud-init[896]: ci-info: |   2   |   10.0.2.2  | 0.0.0.0  | 255.255.255.255 |   enp0s3  |   UH  |
[   18.234768] cloud-init[896]: ci-info: +-------+-------------+----------+-----------------+-----------+-------+
[   18.241283] cloud-init[896]: ci-info: +++++++++++++++++++Route IPv6 info+++++++++++++++++++
[   18.247418] cloud-init[896]: ci-info: +-------+-------------+---------+-----------+-------+
[   18.256594] cloud-init[896]: ci-info: | Route | Destination | Gateway | Interface | Flags |
[   18.263674] cloud-init[896]: ci-info: +-------+-------------+---------+-----------+-------+
[   18.279880] cloud-init[896]: ci-info: |   1   |  fe80::/64  |    ::   |   enp0s3  |   U   |
[   18.290431] cloud-init[896]: ci-info: |   3   |    local    |    ::   |   enp0s3  |   U   |
[   18.299242] cloud-init[896]: ci-info: |   4   |   ff00::/8  |    ::   |   enp0s3  |   U   |
[   18.311746] cloud-init[896]: ci-info: +-------+-------------+---------+-----------+-------+
[   19.497315] cloud-init[896]: Generating public/private rsa key pair.
[   19.510530] cloud-init[896]: Your identification has been saved in /etc/ssh/ssh_host_rsa_key.
[   19.514532] cloud-init[896]: Your public key has been saved in /etc/ssh/ssh_host_rsa_key.pub.
[   19.518620] cloud-init[896]: The key fingerprint is:
[   19.522198] cloud-init[896]: SHA256:AtomOGlyhOAbPGKTwQPZZR+MdMrfnUATDy1Z4L2REL0 root@ubuntu-bionic
[   19.526559] cloud-init[896]: The key's randomart image is:
[   19.529929] cloud-init[896]: +---[RSA 2048]----+
[   19.532340] cloud-init[896]: |=+ o+oo OO.      |
[   19.534729] cloud-init[896]: |=++o.+.+o*o.     |
[   19.537062] cloud-init[896]: |oOo + . o.=.     |
[   19.539875] cloud-init[896]: |o+=o o . oE+     |
[   19.542610] cloud-init[896]: |=o+ o o S +      |
[   19.545293] cloud-init[896]: |oo o   .         |
[   19.547569] cloud-init[896]: |                 |
[   19.550170] cloud-init[896]: |                 |
[   19.552455] cloud-init[896]: |                 |
[   19.555843] cloud-init[896]: +----[SHA256]-----+
[   19.559912] cloud-init[896]: Generating public/private dsa key pair.
[   19.564824] cloud-init[896]: Your identification has been saved in /etc/ssh/ssh_host_dsa_key.
[   19.568972] cloud-init[896]: Your public key has been saved in /etc/ssh/ssh_host_dsa_key.pub.
[   19.573621] cloud-init[896]: The key fingerprint is:
[   19.576320] cloud-init[896]: SHA256:ZPGnfjxiN2zF3pYMSU+JvVTrdnaKCqqmZOjeGBC9FDU root@ubuntu-bionic
[   19.581194] cloud-init[896]: The key's randomart image is:
[   19.584522] cloud-init[896]: +---[DSA 1024]----+
[   19.587345] cloud-init[896]: |  ..E   .       .|
[   19.589734] cloud-init[896]: | . . .   o    o +|
[   19.592473] cloud-init[896]: |. o     o . .o * |
[   19.594904] cloud-init[896]: | o .   o   o..* .|
[   19.597558] cloud-init[896]: |. .     S .  oo=+|
[   19.600488] cloud-init[896]: |..       . o ++++|
[   19.602625] cloud-init[896]: |..o     . + X ooo|
[   19.605291] cloud-init[896]: |.o+ .  . o * o . |
[   19.607502] cloud-init[896]: |.+.+...   .      |
[   19.609998] cloud-init[896]: +----[SHA256]-----+
[   19.612764] cloud-init[896]: Generating public/private ecdsa key pair.
[   19.616582] cloud-init[896]: Your identification has been saved in /etc/ssh/ssh_host_ecdsa_key.
[   19.625252] cloud-init[896]: Your public key has been saved in /etc/ssh/ssh_host_ecdsa_key.pub.
[   19.630499] cloud-init[896]: The key fingerprint is:
[   19.641466] cloud-init[896]: SHA256:4y4+TVN88MsYbeOAKy/gnqaIgMGVj562hSF2vBIpcEE root@ubuntu-bionic
[   19.653681] cloud-init[896]: The key's randomart image is:
[   19.662900] cloud-init[896]: +---[ECDSA 256]---+
[   19.671179] cloud-init[896]: | .E              |
[   19.679016] cloud-init[896]: |   ..     .      |
[   19.685709] cloud-init[896]: |. .o     o +     |
[   19.691637] cloud-init[896]: |o.+ o   . = *    |
[   19.698966] cloud-init[896]: |o* = .  So O o   |
[   19.704296] cloud-init[896]: |+.= * ..+.. +    |
[   19.710802] cloud-init[896]: |o. B o =..       |[[0;32m  OK  [0m] Started Initial cloud-init job (metadata service crawler).
[[0;32m  OK  [0m] Reached target Cloud-config availability.
[[0;32m  OK  [0m] Reached target Network is Online.

[   19.729097] cloud-init[896]: |o.o =.+.o        |
[   19.729281] cloud-init[896]: |o .=o..+.        |
[   19.729331] cloud-init[896]: +----[SHA256]-----+
[   19.729364] cloud-init[896]: Generating public/private ed25519 key pair.
[   19.729989] cloud-init[896]: Your identification has been saved in /etc/ssh/ssh_host_ed25519_key.
[   19.730609] cloud-init[896]: Your public key has been saved in /etc/ssh/ssh_host_ed25519_key.pub.
[   19.731651] cloud-init[896]: The key fingerprint is:
[   19.732725] cloud-init[896]: SHA256:54akQGauGpH5nY3csLkebIdxabAyTVA8jSpcTdVs7eM root@ubuntu-bionic
[   19.733505] cloud-init[896]: The key's randomart image is:
[   19.734151] cloud-init[896]: +--[ED25519 256]--+
[   19.734608] cloud-init[896]: |  .o++..o .      |
[   19.735079] cloud-init[896]: |   o+..  + .     |
[   19.735475] cloud-init[896]: |. ..*.  . .      |
[   19.744491] cloud-init[896]: |.+.B o .   o     |
[   19.745352] cloud-init[896]: |+.o B + S o .    |
[   19.745747] cloud-init[896]: | o B # o + E     |
[   19.746230] cloud-init[896]: |. o % = . o      |
[   19.746711] cloud-init[896]: | o . +   .       |
[   19.747532] cloud-init[896]: |.  .o            |
[   19.747694] cloud-init[896]: +----[SHA256]-----+
         Starting Availability of block devices...
[[0;32m  OK  [0m] Reached target Remote File Systems (Pre).
[[0;32m  OK  [0m] Reached target Remote File Systems.
[[0;32m  OK  [0m] Reached target System Initialization.
         Starting Socket activation for snappy daemon.
[[0;32m  OK  [0m] Started Discard unused blocks once a week.
[[0;32m  OK  [0m] Listening on ACPID Listen Socket.
[[0;32m  OK  [0m] Listening on Open-iSCSI iscsid Socket.
[[0;32m  OK  [0m] Started Daily apt download activities.
[[0;32m  OK  [0m] Listening on cloud-init hotplug hook socket.
[[0;32m  OK  [0m] Listening on UUID daemon activation socket.
[[0;32m  OK  [0m] Started Ubuntu Advantage Timer for running repeated jobs.
[[0;32m  OK  [0m] Started Daily apt upgrade and clean activities.
[[0;32m  OK  [0m] Started Message of the Day.
[[0;32m  OK  [0m] Started ACPI Events Check.
[[0;32m  OK  [0m] Reached target Paths.
         Starting LXD - unix socket.
[[0;32m  OK  [0m] Started Daily Cleanup of Temporary Directories.
[[0;32m  OK  [0m] Reached target Timers.
[[0;32m  OK  [0m] Listening on D-Bus System Message Bus Socket.
[[0;32m  OK  [0m] Started Availability of block devices.
[[0;32m  OK  [0m] Listening on Socket activation for snappy daemon.
[[0;32m  OK  [0m] Listening on LXD - unix socket.
[[0;32m  OK  [0m] Reached target Sockets.
[[0;32m  OK  [0m] Reached target Basic System.
[[0;32m  OK  [0m] Started D-Bus System Message Bus.
         Starting Pollinate to seed the pseudo random number generator...
         Starting LSB: Record successful boot for GRUB...
         Starting Login Service...
         Starting LXD - container startup/shutdown...
         Starting Virtualbox guest utils...
[[0;32m  OK  [0m] Reached target Login Prompts (Pre).
         Starting System Logging Service...
[[0;32m  OK  [0m] Started FUSE filesystem for LXC.
         Starting Accounts Service...
         Starting LSB: automatic crash report generation...
[[0;32m  OK  [0m] Started Deferred execution scheduler.
         Starting Permit User Sessions...
         Starting Dispatcher daemon for systemd-networkd...
[[0;32m  OK  [0m] Started irqbalance daemon.
[[0;32m  OK  [0m] Started Regular background program processing daemon.
         Starting Snap Daemon...
[[0;32m  OK  [0m] Started System Logging Service.
[[0;32m  OK  [0m] Started Permit User Sessions.
[[0;32m  OK  [0m] Started Login Service.
[[0;32m  OK  [0m] Started Unattended Upgrades Shutdown.
         Starting Authorization Manager...
         Starting Terminate Plymouth Boot Screen...
         Starting Hold until boot process finishes up...
[[0;32m  OK  [0m] Started Hold until boot process finishes up.
         Starting Set console scheme...
[[0;32m  OK  [0m] Started Serial Getty on ttyS0.
[[0;32m  OK  [0m] Started LSB: automatic crash report generation.
[[0;32m  OK  [0m] Started Terminate Plymouth Boot Screen.
[[0;32m  OK  [0m] Started Set console scheme.
[[0;32m  OK  [0m] Created slice system-getty.slice.
[[0;32m  OK  [0m] Started Getty on tty1.
[[0;32m  OK  [0m] Reached target Login Prompts.
[[0;32m  OK  [0m] Started LSB: Record successful boot for GRUB.
[[0;32m  OK  [0m] Started Authorization Manager.
[[0;32m  OK  [0m] Started Accounts Service.
[[0;32m  OK  [0m] Started Virtualbox guest utils.
[[0;32m  OK  [0m] Started LXD - container startup/shutdown.
[[0;32m  OK  [0m] Started Dispatcher daemon for systemd-networkd.
[[0;32m  OK  [0m] Started Snap Daemon.
         Starting Wait until snapd is fully seeded...
[[0;32m  OK  [0m] Started Pollinate to seed the pseudo random number generator.
         Starting OpenBSD Secure Shell server...
[[0;32m  OK  [0m] Started OpenBSD Secure Shell server.
[[0;32m  OK  [0m] Created slice User Slice of vagrant.
         Starting User Manager for UID 1000...
[[0;32m  OK  [0m] Started Session 1 of user vagrant.
[[0;32m  OK  [0m] Started User Manager for UID 1000.
         Starting Time & Date Service...
[[0;32m  OK  [0m] Started Time & Date Service.

Ubuntu 18.04.6 LTS ubuntu-bionic ttyS0

ubuntu-bionic login: [   28.259063] cloud-init[1526]: Cloud-init v. 23.1.2-0ubuntu0~18.04.1 running 'modules:config' at Sat, 10 Aug 2024 18:44:50 +0000. Up 27.71 seconds.
ci-info: no authorized SSH keys fingerprints found for user ubuntu.
<14>Aug 10 18:44:51 cloud-init: #############################################################
<14>Aug 10 18:44:51 cloud-init: -----BEGIN SSH HOST KEY FINGERPRINTS-----
<14>Aug 10 18:44:51 cloud-init: 1024 SHA256:ZPGnfjxiN2zF3pYMSU+JvVTrdnaKCqqmZOjeGBC9FDU root@ubuntu-bionic (DSA)
<14>Aug 10 18:44:51 cloud-init: 256 SHA256:4y4+TVN88MsYbeOAKy/gnqaIgMGVj562hSF2vBIpcEE root@ubuntu-bionic (ECDSA)
<14>Aug 10 18:44:51 cloud-init: 256 SHA256:54akQGauGpH5nY3csLkebIdxabAyTVA8jSpcTdVs7eM root@ubuntu-bionic (ED25519)
<14>Aug 10 18:44:51 cloud-init: 2048 SHA256:AtomOGlyhOAbPGKTwQPZZR+MdMrfnUATDy1Z4L2REL0 root@ubuntu-bionic (RSA)
<14>Aug 10 18:44:51 cloud-init: -----END SSH HOST KEY FINGERPRINTS-----
<14>Aug 10 18:44:51 cloud-init: #############################################################
-----BEGIN SSH HOST KEY KEYS-----
ecdsa-sha2-nistp256 AAAAE2VjZHNhLXNoYTItbmlzdHAyNTYAAAAIbmlzdHAyNTYAAABBBBJnER/oYDuPHtDSfhz8POaaDOoVvf2NPJ9MH39dsp/yUOhw8wA2/3fpAjiby1OMAnMDOasgruI/NijHEkcyGmA= root@ubuntu-bionic
ssh-ed25519 AAAAC3NzaC1lZDI1NTE5AAAAIKQvlhd2rRwzbAu/cwjwA72nkaBWhPdLErj7EHOSH3Hu root@ubuntu-bionic
ssh-rsa AAAAB3NzaC1yc2EAAAADAQABAAABAQC9HkrVinU6+Bg35zjhhYDZ+aBTNiLi0NpjOqytLsN8N9memLzjK5dV8q0RfihdP2Th2hPTQepEsDmDn5SmZStj4/7qca8dRbM3BpLyaIEB+5PKG/a16a22VFEGIkt5BdsWxqbyZdyCyJK4i3PCxuIjtLh4FM2mLnejFeipj827ZtkWt1JhkgPQXVx4iGcGVCCcwGzj/5hd7Blk7wEckzuuD0n+qSPJXty+xNtLO4/9evcvncXaonghv3YtiUhAoeLSV4+8vYRdh2ZIG6/F3cj56jdN6MoeiPSFgOObhcv5EcIsLlbYnditWoGqmH2UkI1+dxV38SoiCzb5bDR4MIJR root@ubuntu-bionic
-----END SSH HOST KEY KEYS-----
[   29.287760] cloud-init[1670]: Cloud-init v. 23.1.2-0ubuntu0~18.04.1 running 'modules:final' at Sat, 10 Aug 2024 18:44:51 +0000. Up 28.97 seconds.
[   29.288535] cloud-init[1670]: Cloud-init v. 23.1.2-0ubuntu0~18.04.1 finished at Sat, 10 Aug 2024 18:44:51 +0000. Datasource DataSourceNoCloud [seed=/dev/sdb][dsmode=net].  Up 29.26 seconds
